Using pre-set license
Built from '2020.3/staging' branch; Version is '2020.3.20f1 (41c4e627c95f) revision 4310246'; Using compiler version '192528614'; Build Type 'Release'
OS: 'Windows 10 Pro; OS build 19042.1288; Version 2009; 64bit' Language: 'fr' Physical Memory: 32677 MB
BatchMode: 1, IsHumanControllingUs: 0, StartBugReporterOnCrash: 0, Is64bit: 1, IsPro: 0

COMMAND LINE ARGUMENTS:
D:\Unity\Hub\Editor\2020.3.20f1\Editor\Unity.exe
-adb2
-batchMode
-noUpm
-name
AssetImportWorker0
-projectPath
D:/Unity/Projects/3WA/Module3UI
-logFile
Logs/AssetImportWorker0.log
-srvPort
59152
Successfully changed project path to: D:/Unity/Projects/3WA/Module3UI
D:/Unity/Projects/3WA/Module3UI
Using Asset Import Pipeline V2.
Refreshing native plugins compatible for Editor in 38.30 ms, found 3 plugins.
Preloading 0 native plugins for Editor in 0.00 ms.
Initialize engine version: 2020.3.20f1 (41c4e627c95f)
[Subsystems] Discovering subsystems at path D:/Unity/Hub/Editor/2020.3.20f1/Editor/Data/Resources/UnitySubsystems
[Subsystems] Discovering subsystems at path D:/Unity/Projects/3WA/Module3UI/Assets
GfxDevice: creating device client; threaded=0
Direct3D:
    Version:  Direct3D 11.0 [level 11.1]
    Renderer: NVIDIA GeForce RTX 2080 (ID=0x1e82)
    Vendor:   
    VRAM:     8010 MB
    Driver:   30.0.14.7212
Initialize mono
Mono path[0] = 'D:/Unity/Hub/Editor/2020.3.20f1/Editor/Data/Managed'
Mono path[1] = 'D:/Unity/Hub/Editor/2020.3.20f1/Editor/Data/MonoBleedingEdge/lib/mono/unityjit'
Mono config path = 'D:/Unity/Hub/Editor/2020.3.20f1/Editor/Data/MonoBleedingEdge/etc'
Using monoOptions --debugger-agent=transport=dt_socket,embedding=1,server=y,suspend=n,address=127.0.0.1:56336
Begin MonoManager ReloadAssembly
Registering precompiled unity dll's ...
Register platform support module: D:/Unity/Hub/Editor/2020.3.20f1/Editor/Data/PlaybackEngines/WebGLSupport/UnityEditor.WebGL.Extensions.dll
Register platform support module: D:/Unity/Hub/Editor/2020.3.20f1/Editor/Data/PlaybackEngines/WindowsStandaloneSupport/UnityEditor.WindowsStandalone.Extensions.dll
Registered in 0.001167 seconds.
Native extension for WindowsStandalone target not found
Native extension for WebGL target not found
Refreshing native plugins compatible for Editor in 35.79 ms, found 3 plugins.
Preloading 0 native plugins for Editor in 0.00 ms.
Mono: successfully reloaded assembly
- Completed reload, in  2.329 seconds
Domain Reload Profiling:
	ReloadAssembly (2330ms)
		BeginReloadAssembly (59ms)
			ExecutionOrderSort (0ms)
			DisableScriptedObjects (0ms)
			BackupInstance (0ms)
			ReleaseScriptingObjects (0ms)
			CreateAndSetChildDomain (1ms)
		EndReloadAssembly (367ms)
			LoadAssemblies (59ms)
			RebuildTransferFunctionScriptingTraits (0ms)
			SetupTypeCache (124ms)
			ReleaseScriptCaches (0ms)
			RebuildScriptCaches (31ms)
			SetupLoadedEditorAssemblies (152ms)
				LogAssemblyErrors (0ms)
				InitializePlatformSupportModulesInManaged (4ms)
				SetLoadedEditorAssemblies (0ms)
				RefreshPlugins (36ms)
				BeforeProcessingInitializeOnLoad (15ms)
				ProcessInitializeOnLoadAttributes (74ms)
				ProcessInitializeOnLoadMethodAttributes (23ms)
				AfterProcessingInitializeOnLoad (0ms)
				EditorAssembliesLoaded (0ms)
			ExecutionOrderSort2 (0ms)
			AwakeInstancesAfterBackupRestoration (0ms)
Platform modules already initialized, skipping
Registering precompiled user dll's ...
Registered in 0.002442 seconds.
Begin MonoManager ReloadAssembly
Native extension for WindowsStandalone target not found
Native extension for WebGL target not found
Refreshing native plugins compatible for Editor in 34.87 ms, found 3 plugins.
Preloading 0 native plugins for Editor in 0.00 ms.
Mono: successfully reloaded assembly
- Completed reload, in  0.941 seconds
Domain Reload Profiling:
	ReloadAssembly (941ms)
		BeginReloadAssembly (132ms)
			ExecutionOrderSort (0ms)
			DisableScriptedObjects (4ms)
			BackupInstance (0ms)
			ReleaseScriptingObjects (0ms)
			CreateAndSetChildDomain (15ms)
		EndReloadAssembly (764ms)
			LoadAssemblies (89ms)
			RebuildTransferFunctionScriptingTraits (0ms)
			SetupTypeCache (242ms)
			ReleaseScriptCaches (0ms)
			RebuildScriptCaches (48ms)
			SetupLoadedEditorAssemblies (296ms)
				LogAssemblyErrors (0ms)
				InitializePlatformSupportModulesInManaged (4ms)
				SetLoadedEditorAssemblies (0ms)
				RefreshPlugins (35ms)
				BeforeProcessingInitializeOnLoad (65ms)
				ProcessInitializeOnLoadAttributes (179ms)
				ProcessInitializeOnLoadMethodAttributes (11ms)
				AfterProcessingInitializeOnLoad (2ms)
				EditorAssembliesLoaded (0ms)
			ExecutionOrderSort2 (0ms)
			AwakeInstancesAfterBackupRestoration (6ms)
Platform modules already initialized, skipping
========================================================================
Worker process is ready to serve import requests
Launched and connected shader compiler UnityShaderCompiler.exe after 0.06 seconds
Refreshing native plugins compatible for Editor in 0.33 ms, found 3 plugins.
Preloading 0 native plugins for Editor in 0.00 ms.
Unloading 2106 Unused Serialized files (Serialized files now loaded: 0)
System memory in use before: 95.3 MB.
System memory in use after: 95.4 MB.

Unloading 26 unused Assets to reduce memory usage. Loaded Objects now: 2546.
Total: 2.600600 ms (FindLiveObjects: 0.153000 ms CreateObjectMapping: 0.053500 ms MarkObjects: 2.342800 ms  DeleteObjects: 0.050700 ms)

AssetImportParameters requested are different than current active one (requested -> active):
  custom:framework-win-MediaFoundation: 216162199b28c13a410421893ffa2e32 -> 
  custom:video-decoder-ogg-theora: a1e56fd34408186e4bbccfd4996cb3dc -> 
  custom:container-muxer-webm: aa71ff27fc2769a1b78a27578f13a17b -> 
  custom:container-demuxer-webm: 4f35f7cbe854078d1ac9338744f61a02 -> 
  custom:container-demuxer-ogg: 62fdf1f143b41e24485cea50d1cbac27 -> 
  custom:video-encoder-webm-vp8: eb34c28f22e8b96e1ab97ce403110664 -> 
  custom:video-decoder-webm-vp8: 9c59270c3fd7afecdb556c50c9e8de78 -> 
  custom:audio-decoder-ogg-vorbis: bf7c407c2cedff20999df2af8eb42d56 -> 
  custom:audio-encoder-webm-vorbis: bf7c407c2cedff20999df2af8eb42d56 -> 
========================================================================
Received Import Request.
  path: Assets
  artifactKey: Guid(00000000000000001000000000000000) Importer(815301076,1909f56bfc062723c751e8b465ee728b)
Start importing Assets using Guid(00000000000000001000000000000000) Importer(815301076,1909f56bfc062723c751e8b465ee728b)  -> (artifact id: '42d402b061de3733987d63b9cc3b64de') in 0.006989 seconds 
  Import took 0.009408 seconds .

========================================================================
Received Import Request.
  Time since last request: 0.000265 seconds.
  path: Assets/TextMesh Pro
  artifactKey: Guid(f54d1bd14bd3ca042bd867b519fee8cc) Importer(815301076,1909f56bfc062723c751e8b465ee728b)
Start importing Assets/TextMesh Pro using Guid(f54d1bd14bd3ca042bd867b519fee8cc) Importer(815301076,1909f56bfc062723c751e8b465ee728b)  -> (artifact id: '16b4cbde9565bf190136f1148817e1ea') in 0.004842 seconds 
  Import took 0.007070 seconds .

========================================================================
Received Import Request.
  Time since last request: 12.581852 seconds.
  path: Assets/Gris.mat
  artifactKey: Guid(b547e957f7a1a3a448473ac4ca76f9a3) Importer(815301076,1909f56bfc062723c751e8b465ee728b)
Start importing Assets/Gris.mat using Guid(b547e957f7a1a3a448473ac4ca76f9a3) Importer(815301076,1909f56bfc062723c751e8b465ee728b)  -> (artifact id: '91c59929590a059e7197880e66fa6692') in 0.093423 seconds 
  Import took 0.096294 seconds .

========================================================================
Received Import Request.
  Time since last request: 13.768097 seconds.
  path: Assets/Gris 1.mat
  artifactKey: Guid(ea6e90558eedcd24588934ed70a653b5) Importer(815301076,1909f56bfc062723c751e8b465ee728b)
Start importing Assets/Gris 1.mat using Guid(ea6e90558eedcd24588934ed70a653b5) Importer(815301076,1909f56bfc062723c751e8b465ee728b)  -> (artifact id: '5d33454b02088ad411576d693d2b71f2') in 0.010885 seconds 
  Import took 0.013409 seconds .

========================================================================
Received Import Request.
  Time since last request: 0.000250 seconds.
  path: Assets/Gris.mat
  artifactKey: Guid(b547e957f7a1a3a448473ac4ca76f9a3) Importer(815301076,1909f56bfc062723c751e8b465ee728b)
Start importing Assets/Gris.mat using Guid(b547e957f7a1a3a448473ac4ca76f9a3) Importer(815301076,1909f56bfc062723c751e8b465ee728b)  -> (artifact id: 'e1f88aeb24c165067a81497333b690bb') in 0.009832 seconds 
  Import took 0.012140 seconds .

========================================================================
Received Import Request.
  Time since last request: 13.547960 seconds.
  path: Assets/Orange.mat
  artifactKey: Guid(ea6e90558eedcd24588934ed70a653b5) Importer(815301076,1909f56bfc062723c751e8b465ee728b)
Start importing Assets/Orange.mat using Guid(ea6e90558eedcd24588934ed70a653b5) Importer(815301076,1909f56bfc062723c751e8b465ee728b)  -> (artifact id: 'fb15f45ca5b18d5982967167c5f00ef2') in 0.010861 seconds 
  Import took 0.013470 seconds .

========================================================================
Received Import Request.
  Time since last request: 4.517728 seconds.
  path: Assets/Gris 1.mat
  artifactKey: Guid(8729b34da2a15914a947db4e03eb4901) Importer(815301076,1909f56bfc062723c751e8b465ee728b)
Start importing Assets/Gris 1.mat using Guid(8729b34da2a15914a947db4e03eb4901) Importer(815301076,1909f56bfc062723c751e8b465ee728b)  -> (artifact id: 'da4c7034a1f0264a488f3786973f2e3c') in 0.007852 seconds 
  Import took 0.010394 seconds .

========================================================================
Received Import Request.
  Time since last request: 9.053706 seconds.
  path: Assets/Gris Foncé.mat
  artifactKey: Guid(8729b34da2a15914a947db4e03eb4901) Importer(815301076,1909f56bfc062723c751e8b465ee728b)
Start importing Assets/Gris Foncé.mat using Guid(8729b34da2a15914a947db4e03eb4901) Importer(815301076,1909f56bfc062723c751e8b465ee728b)  -> (artifact id: 'ca75a6fb0aed046e075c8ee9b7878348') in 0.010566 seconds 
  Import took 0.013862 seconds .

========================================================================
Received Import Request.
  Time since last request: 19.138675 seconds.
  path: Assets/Gris Foncé.mat
  artifactKey: Guid(8729b34da2a15914a947db4e03eb4901) Importer(815301076,1909f56bfc062723c751e8b465ee728b)
Start importing Assets/Gris Foncé.mat using Guid(8729b34da2a15914a947db4e03eb4901) Importer(815301076,1909f56bfc062723c751e8b465ee728b)  -> (artifact id: 'eb70b440842e7bc1b8a3f72738221876') in 0.009695 seconds 
  Import took 0.013073 seconds .

========================================================================
Received Import Request.
  Time since last request: 41.541658 seconds.
  path: Assets/Material
  artifactKey: Guid(e2bd2e865ddf8d047b4076d713ac4a6c) Importer(815301076,1909f56bfc062723c751e8b465ee728b)
Start importing Assets/Material using Guid(e2bd2e865ddf8d047b4076d713ac4a6c) Importer(815301076,1909f56bfc062723c751e8b465ee728b)  -> (artifact id: '867d3e87d6c217a63079899baff0b5e4') in 0.004576 seconds 
  Import took 0.007337 seconds .

